0 info it worked if it ends with ok
1 verbose cli [ 'node', '/usr/local/bin/npm', 'run', 'esdoc' ]
2 info using npm@2.5.1
3 info using node@v0.12.0
4 verbose node symlink /usr/local/bin/node
5 verbose run-script [ 'preesdoc', 'esdoc', 'postesdoc' ]
6 info preesdoc @all-user/olympic2020@0.0.2
7 info esdoc @all-user/olympic2020@0.0.2
8 verbose unsafe-perm in lifecycle true
9 info @all-user/olympic2020@0.0.2 Failed to exec esdoc script
10 verbose stack Error: @all-user/olympic2020@0.0.2 esdoc: `esdoc -c esdoc.json`
10 verbose stack Exit status 1
10 verbose stack     at EventEmitter.<anonymous> (/usr/local/lib/node_modules/npm/lib/utils/lifecycle.js:213:16)
10 verbose stack     at EventEmitter.emit (events.js:110:17)
10 verbose stack     at ChildProcess.<anonymous> (/usr/local/lib/node_modules/npm/lib/utils/spawn.js:14:12)
10 verbose stack     at ChildProcess.emit (events.js:110:17)
10 verbose stack     at maybeClose (child_process.js:1008:16)
10 verbose stack     at Process.ChildProcess._handle.onexit (child_process.js:1080:5)
11 verbose pkgid @all-user/olympic2020@0.0.2
12 verbose cwd /workspace/olympic_emblem
13 error Darwin 14.5.0
14 error argv "node" "/usr/local/bin/npm" "run" "esdoc"
15 error node v0.12.0
16 error npm  v2.5.1
17 error code ELIFECYCLE
18 error @all-user/olympic2020@0.0.2 esdoc: `esdoc -c esdoc.json`
18 error Exit status 1
19 error Failed at the @all-user/olympic2020@0.0.2 esdoc script 'esdoc -c esdoc.json'.
19 error This is most likely a problem with the @all-user/olympic2020 package,
19 error not with npm itself.
19 error Tell the author that this fails on your system:
19 error     esdoc -c esdoc.json
19 error You can get their info via:
19 error     npm owner ls @all-user/olympic2020
19 error There is likely additional logging output above.
20 verbose exit [ 1, true ]
